[09:05:53] [main/INFO] (FabricLoader/GameProvider) Loading Minecraft 1.20.1 with Fabric Loader 0.15.6
[09:05:53] [main/INFO] (FabricLoader) Loading 70 mods:
	- additionalentityattributes 1.3.0+1.20.0
	- apoli 2.9.0
	- calio 1.11.0
	- cardinal-components-base 5.2.1
	- cardinal-components-entity 5.2.1
	- cloth-basic-math 0.6.1
	- cloth-config 11.0.99
	- fabric-api 0.92.2+1.20.1
	- fabric-api-base 0.4.31+1802ada577
	- fabric-api-lookup-api-v1 1.6.36+1802ada577
	- fabric-biome-api-v1 13.0.13+1802ada577
	- fabric-block-api-v1 1.0.11+1802ada577
	- fabric-block-view-api-v2 1.0.1+1802ada577
	- fabric-blockrenderlayer-v1 1.1.41+1802ada577
	- fabric-client-tags-api-v1 1.1.2+1802ada577
	- fabric-command-api-v1 1.2.34+f71b366f77
	- fabric-command-api-v2 2.2.13+1802ada577
	- fabric-commands-v0 0.2.51+df3654b377
	- fabric-containers-v0 0.1.64+df3654b377
	- fabric-content-registries-v0 4.0.11+1802ada577
	- fabric-convention-tags-v1 1.5.5+1802ada577
	- fabric-crash-report-info-v1 0.2.19+1802ada577
	- fabric-data-attachment-api-v1 1.0.0+de0fd6d177
	- fabric-data-generation-api-v1 12.3.4+1802ada577
	- fabric-dimensions-v1 2.1.54+1802ada577
	- fabric-entity-events-v1 1.6.0+1c78457f77
	- fabric-events-interaction-v0 0.6.2+1802ada577
	- fabric-events-lifecycle-v0 0.2.63+df3654b377
	- fabric-game-rule-api-v1 1.0.40+1802ada577
	- fabric-gametest-api-v1 1.2.13+1802ada577
	- fabric-item-api-v1 2.1.28+1802ada577
	- fabric-item-group-api-v1 4.0.12+1802ada577
	- fabric-key-binding-api-v1 1.0.37+1802ada577
	- fabric-keybindings-v0 0.2.35+df3654b377
	- fabric-lifecycle-events-v1 2.2.22+1802ada577
	- fabric-loot-api-v2 1.2.1+1802ada577
	- fabric-loot-tables-v1 1.1.45+9e7660c677
	- fabric-message-api-v1 5.1.9+1802ada577
	- fabric-mining-level-api-v1 2.1.50+1802ada577
	- fabric-model-loading-api-v1 1.0.3+1802ada577
	- fabric-models-v0 0.4.2+9386d8a777
	- fabric-networking-api-v1 1.3.11+1802ada577
	- fabric-networking-v0 0.3.51+df3654b377
	- fabric-object-builder-api-v1 11.1.3+1802ada577
	- fabric-particles-v1 1.1.2+1802ada577
	- fabric-recipe-api-v1 1.0.21+1802ada577
	- fabric-registry-sync-v0 2.3.3+1802ada577
	- fabric-renderer-api-v1 3.2.1+1802ada577
	- fabric-renderer-indigo 1.5.2+85287f9f77
	- fabric-renderer-registries-v1 3.2.46+df3654b377
	- fabric-rendering-data-attachment-v1 0.3.37+92a0d36777
	- fabric-rendering-fluids-v1 3.0.28+1802ada577
	- fabric-rendering-v0 1.1.49+df3654b377
	- fabric-rendering-v1 3.0.8+1802ada577
	- fabric-resource-conditions-api-v1 2.3.8+1802ada577
	- fabric-resource-loader-v0 0.11.10+1802ada577
	- fabric-screen-api-v1 2.0.8+1802ada577
	- fabric-screen-handler-api-v1 1.3.30+1802ada577
	- fabric-sound-api-v1 1.0.13+1802ada577
	- fabric-transfer-api-v1 3.3.5+8dd72ea377
	- fabric-transitive-access-wideners-v1 4.3.1+1802ada577
	- fabricloader 0.15.6
	- java 20
	- minecraft 1.20.1
	- mixinextras 0.3.2
	- modmenu 7.1.0
	- oriacs 1.0-SNAPSHOT
	- origins 1.10.0
	- playerabilitylib 1.8.0
	- reach-entity-attributes 2.4.0
[09:05:54] [main/INFO] (FabricLoader/Mixin) SpongePowered MIXIN Subsystem Version=0.8.5 Source=file:/C:/Users/Juk_i/.gradle/caches/modules-2/files-2.1/net.fabricmc/sponge-mixin/0.12.5+mixin.0.8.5/8d31fb97c3e0cd7c8dad3441851c523bcfae6d8e/sponge-mixin-0.12.5+mixin.0.8.5.jar Service=Knot/Fabric Env=CLIENT
[09:05:54] [main/INFO] (FabricLoader/Mixin) Loaded Fabric development mappings for mixin remapper!
[09:05:54] [main/INFO] (FabricLoader/Mixin) Compatibility level set to JAVA_17
[09:05:58] [main/INFO] (FabricLoader/MixinExtras|Service) Initializing MixinExtras via com.llamalad7.mixinextras.service.MixinExtrasServiceImpl(version=0.3.2).
[09:06:13] [Datafixer Bootstrap/INFO] (Minecraft) 188 Datafixer optimizations took 452 milliseconds
[09:06:19] [Render thread/INFO] (Minecraft) Environment: authHost='https://authserver.mojang.com', accountsHost='https://api.mojang.com', sessionHost='https://sessionserver.mojang.com', servicesHost='https://api.minecraftservices.com', name='PROD'
[09:06:20] [Render thread/ERROR] (Minecraft) Failed to verify authentication
com.mojang.authlib.exceptions.InvalidCredentialsException: Status: 401
	at com.mojang.authlib.exceptions.MinecraftClientHttpException.toAuthenticationException(MinecraftClientHttpException.java:56) ~[authlib-4.0.43.jar:?]
	at com.mojang.authlib.yggdrasil.YggdrasilUserApiService.fetchProperties(YggdrasilUserApiService.java:156) ~[authlib-4.0.43.jar:?]
	at com.mojang.authlib.yggdrasil.YggdrasilUserApiService.<init>(YggdrasilUserApiService.java:55) ~[authlib-4.0.43.jar:?]
	at com.mojang.authlib.yggdrasil.YggdrasilAuthenticationService.createUserApiService(YggdrasilAuthenticationService.java:124) ~[authlib-4.0.43.jar:?]
	at net.minecraft.client.MinecraftClient.createUserApiService(MinecraftClient.java:733) ~[minecraft-merged-bde8d8bad6-1.20.1-net.fabricmc.yarn.1_20_1.1.20.1+build.10-v2.jar:?]
	at net.minecraft.client.MinecraftClient.<init>(MinecraftClient.java:442) ~[minecraft-merged-bde8d8bad6-1.20.1-net.fabricmc.yarn.1_20_1.1.20.1+build.10-v2.jar:?]
	at net.minecraft.client.main.Main.main(Main.java:211) ~[minecraft-merged-bde8d8bad6-1.20.1-net.fabricmc.yarn.1_20_1.1.20.1+build.10-v2.jar:?]
	at net.fabricmc.loader.impl.game.minecraft.MinecraftGameProvider.launch(MinecraftGameProvider.java:470) ~[fabric-loader-0.15.6.jar:?]
	at net.fabricmc.loader.impl.launch.knot.Knot.launch(Knot.java:74) ~[fabric-loader-0.15.6.jar:?]
	at net.fabricmc.loader.impl.launch.knot.KnotClient.main(KnotClient.java:23) ~[fabric-loader-0.15.6.jar:?]
	at net.fabricmc.devlaunchinjector.Main.main(Main.java:86) ~[dev-launch-injector-0.2.1+build.8.jar:?]
Caused by: com.mojang.authlib.exceptions.MinecraftClientHttpException: Status: 401
	at com.mojang.authlib.minecraft.client.MinecraftClient.readInputStream(MinecraftClient.java:85) ~[authlib-4.0.43.jar:?]
	at com.mojang.authlib.minecraft.client.MinecraftClient.get(MinecraftClient.java:48) ~[authlib-4.0.43.jar:?]
	at com.mojang.authlib.yggdrasil.YggdrasilUserApiService.fetchProperties(YggdrasilUserApiService.java:129) ~[authlib-4.0.43.jar:?]
	... 9 more
[09:06:20] [Render thread/INFO] (Minecraft) Setting user: Player807
[09:06:20] [Render thread/INFO] (Origins) Origins 1.10.0 is initializing. Have fun!
[09:06:21] [Render thread/INFO] (oriacs) Registering Mod Items for oriacs
[09:06:22] [Render thread/INFO] (Apoli) Apoli 2.9.0 has initialized. Ready to power up your game!
[09:06:23] [Worker-Main-1/INFO] (Mod Menu/Update Checker) Checking mod updates...
[09:06:24] [Render thread/INFO] (Indigo) [Indigo] Registering Indigo renderer!
[09:06:25] [Render thread/INFO] (Minecraft) Backend library: LWJGL version 3.3.2-snapshot
[09:06:33] [Render thread/INFO] (Minecraft) Reloading ResourceManager: vanilla, fabric (fabric-model-loading-api-v1, fabric-rendering-fluids-v1, cardinal-components-base, fabric-loot-tables-v1, fabric-item-group-api-v1, fabric-client-tags-api-v1, fabric-convention-tags-v1, origins, fabricloader, fabric-registry-sync-v0, fabric-resource-conditions-api-v1, fabric-events-interaction-v0, fabric-renderer-registries-v1, fabric-events-lifecycle-v0, fabric-api-lookup-api-v1, fabric-particles-v1, fabric-rendering-data-attachment-v1, reach-entity-attributes, fabric-block-api-v1, fabric-models-v0, fabric-api, fabric-command-api-v2, fabric-object-builder-api-v1, fabric-mining-level-api-v1, fabric-recipe-api-v1, additionalentityattributes, fabric-item-api-v1, fabric-rendering-v1, fabric-data-attachment-api-v1, fabric-biome-api-v1, modmenu, calio, oriacs, fabric-crash-report-info-v1, fabric-loot-api-v2, fabric-transitive-access-wideners-v1, fabric-screen-handler-api-v1, fabric-entity-events-v1, fabric-screen-api-v1, fabric-block-view-api-v2, fabric-game-rule-api-v1, fabric-commands-v0, fabric-sound-api-v1, fabric-networking-api-v1, playerabilitylib, fabric-keybindings-v0, fabric-dimensions-v1, cardinal-components-entity, fabric-networking-v0, fabric-renderer-api-v1, fabric-resource-loader-v0, fabric-rendering-v0, apoli, fabric-transfer-api-v1, fabric-api-base, cloth-config, fabric-gametest-api-v1, fabric-command-api-v1, fabric-blockrenderlayer-v1, fabric-renderer-indigo, fabric-lifecycle-events-v1, fabric-content-registries-v0, fabric-containers-v0, fabric-data-generation-api-v1, fabric-key-binding-api-v1, fabric-message-api-v1)
[09:06:33] [Worker-Main-2/INFO] (Minecraft) Found unifont_all_no_pua-15.0.06.hex, loading
[09:06:34] [Realms Notification Availability checker #1/INFO] (Minecraft) Could not authorize you against Realms server: Invalid session id
[09:06:37] [Render thread/WARN] (Minecraft) Missing sound for event: minecraft:item.goat_horn.play
[09:06:37] [Render thread/WARN] (Minecraft) Missing sound for event: minecraft:entity.goat.screaming.horn_break
[09:06:37] [Render thread/INFO] (Minecraft) OpenAL initialized on device OpenAL Soft on 扬声器 (High Definition Audio Device)
[09:06:37] [Render thread/INFO] (Minecraft) Sound engine started
[09:06:37] [Render thread/INFO] (Minecraft) Created: 1024x512x4 minecraft:textures/atlas/blocks.png-atlas
[09:06:37] [Render thread/INFO] (Minecraft) Created: 256x256x4 minecraft:textures/atlas/signs.png-atlas
[09:06:37] [Render thread/INFO] (Minecraft) Created: 512x512x4 minecraft:textures/atlas/shield_patterns.png-atlas
[09:06:37] [Render thread/INFO] (Minecraft) Created: 512x512x4 minecraft:textures/atlas/banner_patterns.png-atlas
[09:06:37] [Render thread/INFO] (Minecraft) Created: 1024x1024x4 minecraft:textures/atlas/armor_trims.png-atlas
[09:06:38] [Render thread/INFO] (Minecraft) Created: 128x64x4 minecraft:textures/atlas/decorated_pot.png-atlas
[09:06:38] [Render thread/INFO] (Minecraft) Created: 256x256x4 minecraft:textures/atlas/chest.png-atlas
[09:06:38] [Render thread/INFO] (Minecraft) Created: 512x256x4 minecraft:textures/atlas/shulker_boxes.png-atlas
[09:06:38] [Render thread/INFO] (Minecraft) Created: 512x256x4 minecraft:textures/atlas/beds.png-atlas
[09:06:38] [Render thread/WARN] (Minecraft) Shader rendertype_entity_translucent_emissive could not find sampler named Sampler2 in the specified shader program.
[09:06:39] [Render thread/INFO] (Minecraft) Created: 256x256x0 minecraft:textures/atlas/particles.png-atlas
[09:06:39] [Render thread/INFO] (Minecraft) Created: 256x256x0 minecraft:textures/atlas/paintings.png-atlas
[09:06:39] [Render thread/INFO] (Minecraft) Created: 256x128x0 minecraft:textures/atlas/mob_effects.png-atlas
[09:06:54] [Render thread/INFO] (Minecraft) Loaded 7 recipes
[09:06:54] [Render thread/INFO] (Minecraft) Loaded 1284 advancements
[09:06:54] [Render thread/ERROR] (Apoli) There was a problem reading power file origins:vegetarian (skipping): Error reading data field at item_condition.conditions.[2].conditions.[0].conditions.[0]: ItemCondition json type "oriacs:strict_diet" is not defined.
[09:06:54] [Render thread/ERROR] (Apoli) There was a problem reading sub-power "origins:pumpkin_hate_prevent_seeing" in power file "origins:pumpkin_hate": Error reading data field at condition.conditions.[1]: EntityCondition json type "oriacs:equipped_curio" is not defined.
[09:06:54] [Render thread/ERROR] (Apoli) There was a problem reading power file origins:water_vulnerability (skipping): Error reading data field at condition.conditions.[0].effect: Identifier "oriacs:water_resistance" was not registered in registry "minecraft:mob_effect".
[09:06:54] [Render thread/ERROR] (Apoli) There was a problem reading power file origins:fresh_air (skipping): Error reading data field at condition.effect: Identifier "oriacs:fresh_air" was not registered in registry "minecraft:mob_effect".
[09:06:54] [Render thread/ERROR] (Apoli) There was a problem reading power file origins:carnivore (skipping): Error reading data field at item_condition.conditions.[2].conditions.[0].conditions.[0]: ItemCondition json type "oriacs:strict_diet" is not defined.
[09:06:54] [Render thread/INFO] (Apoli) Finished loading powers from data files. Registry contains 76 powers.
[09:06:54] [Render thread/INFO] (Origins) Finished loading origins from data files. Registry contains 11 origins.
[09:06:54] [Render thread/INFO] (Origins) Trying to read layer file: origins:origin
[09:06:54] [Render thread/INFO] (Origins) Finished loading origin layers from data files. Read 1 layers.
[09:06:54] [Render thread/INFO] (Apoli) Loaded 0 global power sets.
[09:06:55] [Render thread/INFO] (BiomeModificationImpl) Applied 0 biome modifications to 0 of 64 new biomes in 2.603 ms
[09:06:55] [Server thread/INFO] (Minecraft) Starting integrated minecraft server version 1.20.1
[09:06:55] [Server thread/INFO] (Minecraft) Generating keypair
[09:06:55] [Server thread/INFO] (Minecraft) Preparing start region for dimension minecraft:overworld
[09:06:58] [Render thread/INFO] (Minecraft) Preparing spawn area: 0%
[09:06:58] [Render thread/INFO] (Minecraft) Preparing spawn area: 0%
[09:06:58] [Render thread/INFO] (Minecraft) Preparing spawn area: 0%
[09:06:58] [Render thread/INFO] (Minecraft) Preparing spawn area: 0%
[09:06:58] [Render thread/INFO] (Minecraft) Preparing spawn area: 0%
[09:06:58] [Render thread/INFO] (Minecraft) Preparing spawn area: 0%
[09:06:59] [Render thread/INFO] (Minecraft) Preparing spawn area: 0%
[09:06:59] [Render thread/INFO] (Minecraft) Preparing spawn area: 0%
[09:06:59] [Render thread/INFO] (Minecraft) Preparing spawn area: 0%
[09:07:00] [Render thread/INFO] (Minecraft) Preparing spawn area: 38%
[09:07:01] [Render thread/INFO] (Minecraft) Time elapsed: 5790 ms
[09:07:01] [Server thread/INFO] (Minecraft) Changing view distance to 12, from 10
[09:07:01] [Server thread/INFO] (Minecraft) Changing simulation distance to 12, from 0
[09:07:04] [Server thread/INFO] (Minecraft) Player807[local:E:945368d9] logged in with entity id 21 at (-5.717472287801714, -59.0, -8.548686714132867)
[09:07:04] [Server thread/INFO] (Minecraft) Player807 joined the game
[09:07:05] [Render thread/INFO] (Minecraft) Loaded 4 advancements
[09:07:11] [Render thread/ERROR] (Minecraft) Unreported exception thrown!
java.lang.IllegalArgumentException: Cannot get property IntProperty{name=level, clazz=class java.lang.Integer, values=[1, 2, 3]} as it does not exist in Block{minecraft:cauldron}
	at net.minecraft.state.State.get(State.java:98) ~[minecraft-merged-bde8d8bad6-1.20.1-net.fabricmc.yarn.1_20_1.1.20.1+build.10-v2.jar:?]
	at com.starvinelonya.oriacs.item.LandwalkingHelmetItem.lambda$new$0(LandwalkingHelmetItem.java:45) ~[main/:?]
	at net.minecraft.block.cauldron.CauldronBehavior.emptyCauldron(CauldronBehavior.java:165) ~[minecraft-merged-bde8d8bad6-1.20.1-net.fabricmc.yarn.1_20_1.1.20.1+build.10-v2.jar:?]
	at com.starvinelonya.oriacs.item.LandwalkingHelmetItem.lambda$new$1(LandwalkingHelmetItem.java:45) ~[main/:?]
	at net.minecraft.block.AbstractCauldronBlock.onUse(AbstractCauldronBlock.java:67) ~[minecraft-merged-bde8d8bad6-1.20.1-net.fabricmc.yarn.1_20_1.1.20.1+build.10-v2.jar:?]
	at net.minecraft.block.AbstractBlock$AbstractBlockState.onUse(AbstractBlock.java:1133) ~[minecraft-merged-bde8d8bad6-1.20.1-net.fabricmc.yarn.1_20_1.1.20.1+build.10-v2.jar:?]
	at net.minecraft.client.network.ClientPlayerInteractionManager.interactBlockInternal(ClientPlayerInteractionManager.java:347) ~[minecraft-merged-bde8d8bad6-1.20.1-net.fabricmc.yarn.1_20_1.1.20.1+build.10-v2.jar:?]
	at net.minecraft.client.network.ClientPlayerInteractionManager.method_41933(ClientPlayerInteractionManager.java:324) ~[minecraft-merged-bde8d8bad6-1.20.1-net.fabricmc.yarn.1_20_1.1.20.1+build.10-v2.jar:?]
	at net.minecraft.client.network.ClientPlayerInteractionManager.sendSequencedPacket(ClientPlayerInteractionManager.java:278) ~[minecraft-merged-bde8d8bad6-1.20.1-net.fabricmc.yarn.1_20_1.1.20.1+build.10-v2.jar:?]
	at net.minecraft.client.network.ClientPlayerInteractionManager.interactBlock(ClientPlayerInteractionManager.java:323) ~[minecraft-merged-bde8d8bad6-1.20.1-net.fabricmc.yarn.1_20_1.1.20.1+build.10-v2.jar:?]
	at net.minecraft.client.MinecraftClient.doItemUse(MinecraftClient.java:1802) ~[minecraft-merged-bde8d8bad6-1.20.1-net.fabricmc.yarn.1_20_1.1.20.1+build.10-v2.jar:?]
	at net.minecraft.client.MinecraftClient.handleInputEvents(MinecraftClient.java:2052) ~[minecraft-merged-bde8d8bad6-1.20.1-net.fabricmc.yarn.1_20_1.1.20.1+build.10-v2.jar:?]
	at net.minecraft.client.MinecraftClient.tick(MinecraftClient.java:1883) ~[minecraft-merged-bde8d8bad6-1.20.1-net.fabricmc.yarn.1_20_1.1.20.1+build.10-v2.jar:?]
	at net.minecraft.client.MinecraftClient.render(MinecraftClient.java:1181) ~[minecraft-merged-bde8d8bad6-1.20.1-net.fabricmc.yarn.1_20_1.1.20.1+build.10-v2.jar:?]
	at net.minecraft.client.MinecraftClient.run(MinecraftClient.java:802) ~[minecraft-merged-bde8d8bad6-1.20.1-net.fabricmc.yarn.1_20_1.1.20.1+build.10-v2.jar:?]
	at net.minecraft.client.main.Main.main(Main.java:250) ~[minecraft-merged-bde8d8bad6-1.20.1-net.fabricmc.yarn.1_20_1.1.20.1+build.10-v2.jar:?]
	at net.fabricmc.loader.impl.game.minecraft.MinecraftGameProvider.launch(MinecraftGameProvider.java:470) ~[fabric-loader-0.15.6.jar:?]
	at net.fabricmc.loader.impl.launch.knot.Knot.launch(Knot.java:74) ~[fabric-loader-0.15.6.jar:?]
	at net.fabricmc.loader.impl.launch.knot.KnotClient.main(KnotClient.java:23) ~[fabric-loader-0.15.6.jar:?]
	at net.fabricmc.devlaunchinjector.Main.main(Main.java:86) ~[dev-launch-injector-0.2.1+build.8.jar:?]
[09:07:11] [Server thread/INFO] (Minecraft) Stopping server
[09:07:11] [Server thread/INFO] (Minecraft) Saving players
[09:07:11] [Server thread/INFO] (Minecraft) Saving worlds
[09:07:12] [Server thread/INFO] (Minecraft) Saving chunks for level 'ServerLevel[New World]'/minecraft:overworld
[09:07:13] [Server thread/INFO] (Minecraft) Saving chunks for level 'ServerLevel[New World]'/minecraft:the_nether
[09:07:13] [Server thread/INFO] (Minecraft) Saving chunks for level 'ServerLevel[New World]'/minecraft:the_end
[09:07:13] [Server thread/INFO] (Minecraft) ThreadedAnvilChunkStorage (New World): All chunks are saved
[09:07:13] [Server thread/INFO] (Minecraft) ThreadedAnvilChunkStorage (DIM-1): All chunks are saved
[09:07:13] [Server thread/INFO] (Minecraft) ThreadedAnvilChunkStorage (DIM1): All chunks are saved
[09:07:13] [Server thread/INFO] (Minecraft) ThreadedAnvilChunkStorage: All dimensions are saved
